<?xml version="1.0" encoding="UTF-8"?>
<testng-results skipped="0" failed="0" total="1" passed="1">
  <reporter-output>
  </reporter-output>
  <suite name="Default suite" duration-ms="16279" started-at="2018-02-06T01:26:13Z" finished-at="2018-02-06T01:26:30Z">
    <groups>
    </groups>
    <test name="Default test" duration-ms="16279" started-at="2018-02-06T01:26:13Z" finished-at="2018-02-06T01:26:30Z">
      <class name="testCases.VerifySearchPage">
        <test-method status="PASS" signature="openBrowser()[pri:0, instance:testCases.VerifySearchPage@2a5ca609]" name="openBrowser" is-config="true" duration-ms="8609" started-at="2018-02-05T19:26:13Z" finished-at="2018-02-05T19:26:22Z">
          <reporter-output>
          </reporter-output>
        </test-method> <!-- openBrowser -->
        <test-method status="PASS" signature="startTest()[pri:0, instance:testCases.VerifySearchPage@2a5ca609]" name="startTest" duration-ms="6112" started-at="2018-02-05T19:26:22Z" finished-at="2018-02-05T19:26:28Z">
          <reporter-output>
          </reporter-output>
        </test-method> <!-- startTest -->
        <test-method status="PASS" signature="tearDown()[pri:0, instance:testCases.VerifySearchPage@2a5ca609]" name="tearDown" is-config="true" duration-ms="1546" started-at="2018-02-05T19:26:28Z" finished-at="2018-02-05T19:26:30Z">
          <reporter-output>
          </reporter-output>
        </test-method> <!-- tearDown -->
      </class> <!-- testCases.VerifySearchPage -->
    </test> <!-- Default test -->
  </suite> <!-- Default suite -->
</testng-results>
